[2016-06-02 19:45:23.493] [TRACE] cheese - Entering cheese testing
[2016-06-02 19:45:23.500] [DEBUG] cheese - Got cheese.
[2016-06-02 19:45:23.503] [INFO] cheese - Cheese is Gouda.
[2016-06-02 19:45:23.504] [WARN] cheese - Cheese is quite smelly.
[2016-06-02 19:45:23.504] [ERROR] cheese - Cheese is too ripe!
[2016-06-02 19:45:23.514] [FATAL] cheese - Cheese was breeding ground for listeria.
[2016-06-02 19:45:45.986] [TRACE] cheese - Entering cheese testing
[2016-06-02 19:45:45.993] [DEBUG] cheese - Got cheese.
[2016-06-02 19:45:45.996] [INFO] cheese - Cheese is Gouda.
[2016-06-02 19:45:45.997] [WARN] cheese - Cheese is quite smelly.
[2016-06-02 19:45:45.997] [ERROR] cheese - Cheese is too ripe!
[2016-06-02 19:45:46.007] [FATAL] cheese - Cheese was breeding ground for listeria.
[2016-06-02 20:07:24.909] [TRACE] mosca - Entering cheese testing
[2016-06-02 20:07:24.919] [WARN] mosca - Cheese is quite smelly.
[2016-06-02 20:08:13.157] [TRACE] mosca - Entering cheese testing
[2016-06-02 20:08:13.175] [WARN] mosca - Cheese is quite smelly.
[2016-06-02 20:08:55.005] [TRACE] mosca - 	Entering cheese testing
[2016-06-02 20:08:55.013] [WARN] mosca - 	Cheese is quite smelly.
[2016-06-02 20:11:52.477] [TRACE] mosca - 	Entering cheese testing
[2016-06-02 20:11:52.488] [WARN] mosca - 	Cheese is quite smelly.
[2016-06-02 20:19:24.365] [TRACE] mosca - 	Entering cheese testing
[2016-06-02 20:19:24.375] [WARN] mosca - 	Cheese is quite smelly.
[2016-06-02 20:46:35.715] [INFO] mosca -  Mosca Server Started 
[2016-06-02 20:47:50.334] [INFO] mosca -  Mosca Server Started 
[2016-06-02 21:04:48.169] [INFO] mosca -  Mosca Server Started 
[2016-06-02 21:11:37.814] [INFO] mosca -  Mosca Server Started 
[2016-06-02 21:19:08.143] [INFO] mosca -  Mosca Server Started 
[2016-06-02 21:24:32.678] [INFO] mosca -  Mosca Server Started 
[2016-06-02 21:30:32.876] [INFO] mosca -  Mosca Server Started 
[2016-06-02 21:32:40.645] [INFO] mosca -  Mosca Server Started 
[2016-06-02 21:36:26.517] [INFO] mosca -  Mosca Server Started 
[2016-06-02 21:52:46.348] [INFO] mosca -  Mosca Server Started 
[2016-06-02 21:53:12.162] [INFO] mosca -  Mosca Server Started 
[2016-06-02 21:53:57.260] [INFO] mosca -  Mosca Server Started 
[2016-06-02 22:41:14.376] [INFO] mosca -  Mosca Server Started 
[2016-06-02 22:44:28.916] [INFO] mosca -  Mosca Server Started 
[2016-06-02 22:46:33.554] [INFO] mosca -  Mosca Server Started 
[2016-06-02 23:00:51.444] [INFO] mosca -  Mosca Server Started 
[2016-06-02 23:03:00.978] [INFO] mosca -  Mosca Server Started 
[2016-06-02 23:23:27.951] [INFO] mosca -  Mosca Server Started 
[2016-06-02 23:26:01.794] [INFO] mosca -  Mosca Server Started 
[2016-06-02 23:27:55.620] [INFO] mosca -  Mosca Server Started 
[2016-06-02 23:32:00.238] [INFO] mosca -  Mosca Server Started 
[2016-06-02 23:39:05.766] [INFO] mosca -  Mosca Server Started 
[2016-06-02 23:46:29.283] [INFO] mosca -  Mosca Server Started 
[2016-06-02 23:54:59.826] [INFO] mosca -  Mosca Server Started 
[2016-06-03 00:01:18.711] [INFO] mosca -  Mosca Server Started 
[2016-06-29 11:53:58.960] [INFO] mosca -  Mosca Server Started 
[2016-06-29 11:54:56.158] [INFO] mosca -  Mosca Server Started 
[2016-06-29 11:56:58.639] [INFO] mosca -  Mosca Server Started 
[2016-06-29 11:59:28.784] [INFO] mosca -  Mosca Server Started 
[2016-06-29 12:05:48.554] [INFO] mosca -  Mosca Server Started 
[2016-06-29 12:08:52.041] [INFO] mosca -  Mosca Server Started 
[2016-06-29 12:12:26.084] [INFO] mosca -  Mosca Server Started 
[2016-06-29 12:26:13.987] [INFO] mosca -  Mosca Server Started 
[2016-06-29 12:27:57.953] [INFO] mosca -  Mosca Server Started 
[2016-06-29 12:29:37.744] [INFO] mosca -  Mosca Server Started 
[2016-06-29 12:30:27.126] [INFO] mosca -  Mosca Server Started 
[2016-06-29 12:31:10.531] [INFO] mosca -  Mosca Server Started 
[2016-06-29 12:40:15.214] [INFO] mosca -  Mosca Server Started 
[2016-06-29 12:43:18.992] [INFO] mosca -  Mosca Server Started 
[2016-06-29 12:44:03.579] [INFO] mosca -  Mosca Server Started 
[2016-06-29 12:47:23.228] [INFO] mosca -  Mosca Server Started 
[2016-06-29 19:27:56.394] [INFO] mosca -  Mosca Server Started 
[2016-06-29 20:55:06.021] [INFO] mosca -  Mosca Server Started 
[2016-06-29 20:56:24.036] [INFO] mosca -  Mosca Server Started 
[2016-06-29 20:57:01.051] [INFO] mosca -  Mosca Server Started 
[2016-06-29 21:19:51.520] [INFO] mosca -  Mosca Server Started 
[2016-06-29 21:20:40.528] [INFO] mosca -  Mosca Server Started 
